<?xml version="1.0" encoding="UTF-8"?>
<!-- Generated by org.testng.reporters.JUnitXMLReporter -->
<testsuite ignored="1" hostname="okb169" failures="0" tests="2" name="Default test" time="0.141" errors="0" timestamp="2021-12-09T14:46:33 GMT+03:00">
  <testcase classname="test.ipo.task1.service.TriangleCheckTest" name="checkEquilateralityWrongTest" time="0.02"/>
  <testcase classname="test.ipo.task1.service.TriangleCheckTest" name="checkEquilateralityWrongTest" time="0.004"/>
  <testcase classname="test.ipo.task1.service.TriangleCheckTest" name="checkEquilateralityTest" time="0.0">
    <ignored/>
  </testcase> <!-- checkEquilateralityTest -->
</testsuite> <!-- Default test -->
