<?xml version="1.0" encoding="UTF-8"?>
<testng-results ignored="0" total="2" passed="2" failed="0" skipped="0">
  <reporter-output>
  </reporter-output>
  <suite started-at="2021-11-30T11:32:23 GMT+03:00" name="Default suite" finished-at="2021-11-30T11:32:24 GMT+03:00" duration-ms="144">
    <groups>
    </groups>
    <test started-at="2021-11-30T11:32:23 GMT+03:00" name="Default test" finished-at="2021-11-30T11:32:24 GMT+03:00" duration-ms="144">
      <class name="test.epam.task1.ipo.service.UTFSymbolSearchTest">
        <test-method signature="searchSymbolTest(char,java.lang.String)[pri:0, instance:test.epam.task1.ipo.service.UTFSymbolSearchTest@6ac13091]" started-at="2021-11-30T11:32:24 GMT+03:00" name="searchSymbolTest" description="Проверка нахождения символа utf8" data-provider="charFindData" finished-at="2021-11-30T11:32:24 GMT+03:00" duration-ms="16" status="PASS">
          <params>
            <param index="0">
              <value>
                <![CDATA[k]]>
              </value>
            </param>
            <param index="1">
              <value>
                <![CDATA[Символу k соответствует номер 107.
 Следуюий символ l,
 предыдущий символ j]]>
              </value>
            </param>
          </params>
          <reporter-output>
          </reporter-output>
        </test-method> <!-- searchSymbolTest -->
        <test-method signature="searchSymbolTest(char,java.lang.String)[pri:0, instance:test.epam.task1.ipo.service.UTFSymbolSearchTest@6ac13091]" started-at="2021-11-30T11:32:24 GMT+03:00" name="searchSymbolTest" description="Проверка нахождения символа utf8" data-provider="charFindData" finished-at="2021-11-30T11:32:24 GMT+03:00" duration-ms="3" status="PASS">
          <params>
            <param index="0">
              <value>
                <![CDATA[7]]>
              </value>
            </param>
            <param index="1">
              <value>
                <![CDATA[Символу 7 соответствует номер 55.
 Следуюий символ 8,
 предыдущий символ 6]]>
              </value>
            </param>
          </params>
          <reporter-output>
          </reporter-output>
        </test-method> <!-- searchSymbolTest -->
      </class> <!-- test.epam.task1.ipo.service.UTFSymbolSearchTest -->
    </test> <!-- Default test -->
  </suite> <!-- Default suite -->
</testng-results>
