<?xml version="1.0" encoding="UTF-8"?>
<!-- Generated by org.testng.reporters.JUnitXMLReporter -->
<testsuite ignored="0" hostname="okb169" failures="0" tests="2" name="Default test" time="0.144" errors="0" timestamp="2021-11-30T11:32:24 GMT+03:00">
  <testcase classname="test.epam.task1.ipo.service.UTFSymbolSearchTest" name="searchSymbolTest" time="0.016"/>
  <testcase classname="test.epam.task1.ipo.service.UTFSymbolSearchTest" name="searchSymbolTest" time="0.003"/>
</testsuite> <!-- Default test -->
